<?xml version="1.0" encoding="UTF-8"?>
<!-- Generated by org.testng.reporters.JUnitXMLReporter -->
<testsuite ignored="0" hostname="840-5CG8084HFR" failures="0" tests="4" name="Default test" time="22.827" errors="0" timestamp="2019-09-19T12:27:14 EDT">
  <testcase classname="excelToJsonConv.FileConv" name="init" time="12.125"/>
  <testcase classname="excelToJsonConv.FileConv" name="login" time="3.501"/>
  <testcase classname="excelToJsonConv.FileConv" name="login" time="3.367"/>
  <testcase classname="excelToJsonConv.FileConv" name="login" time="3.347"/>
</testsuite> <!-- Default test -->
