<?xml version="1.0" encoding="UTF-8"?>
<!-- Generated by org.testng.reporters.JUnitXMLReporter -->
<testsuite ignored="0" hostname="840-5CG8084HFR" failures="0" tests="5" name="Test" time="0.1" errors="0" timestamp="21 Jun 2019 14:08:19 GMT">
  <testcase classname="com.weCare.ClassOne" name="priorityZero" time="0.017"/>
  <testcase classname="com.weCare.ClassOne" name="dependent" time="0.003"/>
  <testcase classname="com.weCare.ClassOne" name="priorityOne" time="0.002"/>
  <testcase classname="com.weCare.ClassTwo" name="secondOne" time="0.004"/>
  <testcase classname="com.weCare.ClassTwo" name="secondTwo" time="0.002"/>
</testsuite> <!-- Test -->
