<?xml version="1.0" encoding="UTF-8"?>
<testng-results ignored="0" total="4" passed="4" failed="0" skipped="0">
  <reporter-output>
  </reporter-output>
  <suite started-at="2019-09-09T12:29:39 EDT" name="Default suite" finished-at="2019-09-09T12:30:01 EDT" duration-ms="21609">
    <groups>
    </groups>
    <test started-at="2019-09-09T12:29:39 EDT" name="Default test" finished-at="2019-09-09T12:30:01 EDT" duration-ms="21609">
      <class name="excelToJsonConv.FileConv">
        <test-method signature="init()[pri:0, instance:excelToJsonConv.FileConv@159f197]" started-at="2019-09-09T12:29:39 EDT" name="init" finished-at="2019-09-09T12:29:51 EDT" duration-ms="11354" status="PASS">
          <reporter-output>
          </reporter-output>
        </test-method> <!-- init -->
        <test-method signature="login(java.lang.String, java.lang.String)[pri:1, instance:excelToJsonConv.FileConv@159f197]" started-at="2019-09-09T12:29:51 EDT" name="login" data-provider="jsonData" finished-at="2019-09-09T12:29:54 EDT" duration-ms="3384" status="PASS">
          <params>
            <param index="0">
              <value>
                <![CDATA[khaledoni]]>
              </value>
            </param>
            <param index="1">
              <value>
                <![CDATA[123456]]>
              </value>
            </param>
          </params>
          <reporter-output>
          </reporter-output>
        </test-method> <!-- login -->
        <test-method signature="login(java.lang.String, java.lang.String)[pri:1, instance:excelToJsonConv.FileConv@159f197]" started-at="2019-09-09T12:29:54 EDT" name="login" data-provider="jsonData" finished-at="2019-09-09T12:29:57 EDT" duration-ms="3328" status="PASS">
          <params>
            <param index="0">
              <value>
                <![CDATA[jannatt38]]>
              </value>
            </param>
            <param index="1">
              <value>
                <![CDATA[987777]]>
              </value>
            </param>
          </params>
          <reporter-output>
          </reporter-output>
        </test-method> <!-- login -->
        <test-method signature="login(java.lang.String, java.lang.String)[pri:1, instance:excelToJsonConv.FileConv@159f197]" started-at="2019-09-09T12:29:57 EDT" name="login" data-provider="jsonData" finished-at="2019-09-09T12:30:01 EDT" duration-ms="3348" status="PASS">
          <params>
            <param index="0">
              <value>
                <![CDATA[enazmehedi]]>
              </value>
            </param>
            <param index="1">
              <value>
                <![CDATA[847478]]>
              </value>
            </param>
          </params>
          <reporter-output>
          </reporter-output>
        </test-method> <!-- login -->
      </class> <!-- excelToJsonConv.FileConv -->
    </test> <!-- Default test -->
  </suite> <!-- Default suite -->
</testng-results>
