<?xml version="1.0" encoding="UTF-8"?>
<!-- Generated by org.testng.reporters.JUnitXMLReporter -->
<testsuite ignored="0" hostname="840-5CG8084HFR" failures="1" tests="2" name="TestOne" time="1.845" errors="0" timestamp="2019-09-03T16:37:34 EDT">
  <testcase classname="pageTest.weCare.ClassOne" name="hello" time="0.0"/>
  <testcase classname="pageTest.weCare.ClassOne" name="jello" time="0.772">
    <failure type="org.testng.internal.reflect.MethodMatcherException" message="
[public void pageTest.weCare.ClassOne.jello(java.util.List,java.util.ArrayList)] has no parameters defined but was found to be using a data provider (either explicitly specified or inherited from class level annotation).
Data provider mismatch
Method: jello([Parameter{index=0, type=java.util.List, declaredAnnotations=[]}, Parameter{index=1, type=java.util.ArrayList, declaredAnnotations=[]}])
Arguments: [null]">
      <![CDATA[org.testng.internal.reflect.MethodMatcherException: 
[public void pageTest.weCare.ClassOne.jello(java.util.List,java.util.ArrayList)] has no parameters defined but was found to be using a data provider (either explicitly specified or inherited from class level annotation).
Data provider mismatch
Method: jello([Parameter{index=0, type=java.util.List, declaredAnnotations=[]}, Parameter{index=1, type=java.util.ArrayList, declaredAnnotations=[]}])
Arguments: [null]
at java.base/java.util.ArrayList.forEach(ArrayList.java:1540)
... Removed 23 stack frames]]>
    </failure>
  </testcase> <!-- jello -->
</testsuite> <!-- TestOne -->
