<?xml version="1.0" encoding="UTF-8"?>
<!-- Generated by org.testng.reporters.JUnitXMLReporter -->
<testsuite ignored="0" hostname="840-5CG8084HFR" failures="1" tests="4" name="TestOne" time="1.413" errors="0" timestamp="2019-09-16T15:31:22 EDT">
  <testcase classname="pageTest.weCare.ClassOne" name="hello1" time="0.0"/>
  <testcase classname="pageTest.weCare.ClassOne" name="hello2" time="0.0">
    <skipped/>
  </testcase> <!-- hello2 -->
  <testcase classname="pageTest.weCare.ClassOne" name="hello2" time="0.0">
    <failure type="junit.framework.AssertionFailedError">
      <![CDATA[junit.framework.AssertionFailedError
at junit.framework.Assert.fail(Assert.java:48)
at junit.framework.Assert.assertTrue(Assert.java:20)
at junit.framework.Assert.assertTrue(Assert.java:27)
at pageTest.weCare.ClassOne.hello2(ClassOne.java:27)
at java.base/java.util.ArrayList.forEach(ArrayList.java:1540)
... Removed 28 stack frames]]>
    </failure>
  </testcase> <!-- hello2 -->
  <testcase classname="pageTest.weCare.ClassOne" name="hello3" time="0.0"/>
</testsuite> <!-- TestOne -->
