<?xml version="1.0" encoding="UTF-8"?>
<!-- Generated by org.testng.reporters.JUnitXMLReporter -->
<testsuite ignored="0" hostname="840-5CG8084HFR" failures="0" tests="9" name="Testing" time="0.106" errors="0" timestamp="03 Aug 2019 18:06:01 GMT">
  <testcase classname="pageTest.weCare.Testing" name="run1" time="0.012"/>
  <testcase classname="pageTest.weCare.Testing" name="run2" time="0.0"/>
  <testcase classname="pageTest.weCare.Testing" name="run3" time="0.0"/>
  <testcase classname="pageTest.weCare.Testing" name="fun1" time="0.003"/>
  <testcase classname="pageTest.weCare.Testing" name="fun2" time="0.002"/>
  <testcase classname="pageTest.weCare.Testing" name="fun3" time="0.003"/>
  <testcase classname="pageTest.weCare.Testing" name="kite1" time="0.0"/>
  <testcase classname="pageTest.weCare.Testing" name="kite2" time="0.0"/>
  <testcase classname="pageTest.weCare.Testing" name="kite3" time="0.0"/>
</testsuite> <!-- Testing -->
